2021-07-25 01:19:24,468 - __main__ - INFO - Main Intro
2021-07-25 01:19:24,469 - __main__ - INFO - Choosed work
2021-07-25 01:19:24,469 - __main__ - INFO - Sleeping random :404
2021-07-25 01:19:24,470 - __main__ - INFO - Strarting
2021-07-25 01:20:15,459 - __main__ - INFO - ['g.chikoo12', 'levani__m_']
2021-07-25 01:20:15,459 - __main__ - INFO - follow_likers
2021-07-25 01:48:00,070 - __main__ - INFO - Main Intro
2021-07-25 01:48:00,070 - __main__ - INFO - Choosed work
2021-07-25 01:48:00,070 - __main__ - INFO - Sleeping random :325
2021-07-25 01:48:00,070 - __main__ - INFO - Strarting
2021-07-28 17:48:55,576 - __main__ - INFO - Main Intro
2021-07-28 17:48:55,576 - __main__ - INFO - Choosed work
2021-07-28 17:48:55,576 - __main__ - INFO - Sleeping random :1464
2021-07-28 17:48:55,576 - __main__ - INFO - Strarting
2021-07-28 17:50:10,285 - __main__ - INFO - ['temo_v4444', 'mananikogoglidze', 'davitloladze', 'basagegeshidze']
2021-07-28 17:50:10,286 - __main__ - INFO - follow_likers
2021-07-28 17:54:30,274 - __main__ - INFO - Main Intro
2021-07-28 17:54:30,274 - __main__ - INFO - Choosed work
2021-07-28 17:54:30,274 - __main__ - INFO - Sleeping random :457
2021-07-28 17:54:30,274 - __main__ - INFO - Strarting
2021-07-28 17:55:40,109 - __main__ - INFO - ['tbilisimed', 'l_m1keladze', 'irakli1001', 'ninnuttssaaa', 'g.chikoo12', 'mariam_alasania', 'levani__m_', 'nino_gogothidze', 'basagegeshidze']
2021-07-28 17:55:40,110 - __main__ - INFO - follow_user_following
2021-07-28 19:55:03,229 - __main__ - INFO - Main Intro
2021-07-28 19:55:03,229 - __main__ - INFO - Choosed work
2021-07-28 19:55:03,230 - __main__ - INFO - Sleeping random :1059
2021-07-28 19:55:03,230 - __main__ - INFO - Strarting
2021-07-28 20:00:24,656 - __main__ - INFO - Main Intro
2021-07-28 20:00:24,657 - __main__ - INFO - Choosed work
2021-07-28 20:00:24,657 - __main__ - INFO - Sleeping random :534
2021-07-28 20:00:24,657 - __main__ - INFO - Strarting
2021-07-28 20:01:48,220 - __main__ - INFO - ['irakli1001', 'lizikalandadzee', 'vatobotsvadze', '13var_', 'mariammirabella']
2021-07-28 20:01:48,221 - __main__ - INFO - follow_likers
2021-07-28 21:01:50,056 - __main__ - INFO - Main Intro
2021-07-28 21:01:50,057 - __main__ - INFO - Choosed work
2021-07-28 21:01:50,057 - __main__ - INFO - Sleeping random :622
2021-07-28 21:01:50,057 - __main__ - INFO - Strarting
2021-07-28 21:03:01,740 - __main__ - INFO - ['parliamentab', 'kakuli__chikovani', 'lizikalandadzee', 'giorgiibuxra', 'sheldor.t.c', 'mariam_alasania', 'lizachlaidze', 'astrolog_fateeva_berlin', 'nino_gogothidze', 'parliamentab', 'glassart_ghibli', 'g.chikoo12', 'lizikalandadzee', 'giorgiibuxra']
2021-07-28 21:03:01,741 - __main__ - INFO - follow_likers
2021-07-29 17:27:16,099 - __main__ - INFO - Main Intro
2021-07-29 17:27:16,100 - __main__ - INFO - Choosed work
2021-07-29 17:27:16,100 - __main__ - INFO - Sleeping random :1325
2021-07-29 17:27:16,100 - __main__ - INFO - Strarting
2021-07-29 17:28:38,519 - __main__ - INFO - <<<<<<< Friend List: ['swaggypunkfairy', 'tsibadzesandro', 'khaadzeketo', 'm4ri4mcc0nne11']>>>>>>>>
2021-07-29 17:28:38,523 - __main__ - INFO - <<<<<<<<follow_user_following>>>>>>>>
2021-07-29 17:29:38,653 - __main__ - INFO - Main Intro
2021-07-29 17:29:38,653 - __main__ - INFO - Choosed work
2021-07-29 17:29:38,653 - __main__ - INFO - Sleeping random :1335
2021-07-29 17:29:38,653 - __main__ - INFO - Strarting
2021-07-29 17:31:12,902 - __main__ - INFO - Main Intro
2021-07-29 17:31:12,902 - __main__ - INFO - Choosed work
2021-07-29 17:31:12,902 - __main__ - INFO - Sleeping random :438
2021-07-29 17:31:12,902 - __main__ - INFO - Strarting
